<?xml version="1.0" encoding="UTF-8"?>
<!-- Generated by org.testng.reporters.JUnitReportReporter -->
<testsuite skipped="0" hostname="LAPTOP-INV4FEQ8" name="com.ap.testcases.AddToCartPageTest" tests="1" failures="0" timestamp="2022-11-03T17:23:27 EDT" time="16.689" errors="0">
  <testcase name="addToCartTest" time="16.689" classname="com.ap.testcases.AddToCartPageTest"/>
  <system-out/>
</testsuite> <!-- com.ap.testcases.AddToCartPageTest -->
