<?xml version="1.0" encoding="UTF-8"?>
<!-- Generated by org.testng.reporters.JUnitReportReporter -->
<testsuite skipped="0" hostname="LAPTOP-INV4FEQ8" name="com.ap.testcases.SearchRestulPageTest" tests="1" failures="0" timestamp="2022-11-03T16:54:43 EDT" time="11.927" errors="0">
  <testcase name="isProductAvailableTest" time="11.927" classname="com.ap.testcases.SearchRestulPageTest"/>
  <system-out/>
</testsuite> <!-- com.ap.testcases.SearchRestulPageTest -->
