<?xml version="1.0" encoding="UTF-8"?>
<!-- Generated by org.testng.reporters.JUnitReportReporter -->
<testsuite skipped="0" hostname="LAPTOP-INV4FEQ8" name="com.ap.testcases.AddressPageTest" tests="1" failures="0" timestamp="2022-11-03T19:18:37 EDT" time="31.006" errors="0">
  <testcase name="addressPageTest" time="31.006" classname="com.ap.testcases.AddressPageTest"/>
  <system-out/>
</testsuite> <!-- com.ap.testcases.AddressPageTest -->
