<?xml version="1.0" encoding="UTF-8"?>
<!-- Generated by org.testng.reporters.JUnitReportReporter -->
<testsuite skipped="0" hostname="LAPTOP-INV4FEQ8" name="com.ap.testcases.HomePageTest" tests="2" failures="0" timestamp="2022-11-03T15:58:19 EDT" time="18.129" errors="0">
  <testcase name="orderhistorybuttonvalidateTest" time="10.839" classname="com.ap.testcases.HomePageTest"/>
  <system-out/>
  <testcase name="wishlistbuttonvalidateTest" time="7.290" classname="com.ap.testcases.HomePageTest"/>
  <system-out/>
</testsuite> <!-- com.ap.testcases.HomePageTest -->
