<?xml version="1.0" encoding="UTF-8"?>
<!-- Generated by org.testng.reporters.JUnitReportReporter -->
<testsuite skipped="0" hostname="LAPTOP-INV4FEQ8" name="com.ap.testcases.LoginPageTest" tests="1" failures="0" timestamp="2022-11-03T15:44:16 EDT" time="11.880" errors="0">
  <testcase name="loginTest" time="11.880" classname="com.ap.testcases.LoginPageTest"/>
  <system-out/>
</testsuite> <!-- com.ap.testcases.LoginPageTest -->
