<?xml version="1.0" encoding="UTF-8"?>
<!-- Generated by org.testng.reporters.JUnitReportReporter -->
<testsuite skipped="0" hostname="LAPTOP-INV4FEQ8" name="com.ap.testcases.CreateAccountPageTest" tests="1" failures="0" timestamp="2022-11-03T16:21:27 EDT" time="10.475" errors="0">
  <testcase name="createNewAccountTest" time="10.475" classname="com.ap.testcases.CreateAccountPageTest"/>
  <system-out/>
</testsuite> <!-- com.ap.testcases.CreateAccountPageTest -->
