<?xml version="1.0" encoding="UTF-8"?>
<!-- Generated by org.testng.reporters.JUnitReportReporter -->
<testsuite skipped="0" hostname="LAPTOP-INV4FEQ8" name="com.ap.testcases.IndexPageTest" tests="3" failures="0" timestamp="2022-11-02T11:48:15 EDT" time="26.962" errors="0">
  <testcase name="validatelogoIconTest" time="14.065" classname="com.ap.testcases.IndexPageTest"/>
  <system-out/>
  <testcase name="validateIndexPageTitleTest" time="8.815" classname="com.ap.testcases.IndexPageTest"/>
  <system-out/>
  <testcase name="validateIndexPageCurrentUrlTest" time="4.082" classname="com.ap.testcases.IndexPageTest"/>
  <system-out/>
</testsuite> <!-- com.ap.testcases.IndexPageTest -->
