<?xml version="1.0" encoding="UTF-8"?>
<!-- Generated by org.testng.reporters.JUnitReportReporter -->
<testsuite skipped="0" hostname="LAPTOP-INV4FEQ8" name="com.ap.testcases.IndexPageTest" tests="3" failures="0" timestamp="2022-11-07T00:37:04 EST" time="11.079" errors="0">
  <testcase name="validatelogoIconTest" time="4.551" classname="com.ap.testcases.IndexPageTest"/>
  <system-out/>
  <testcase name="validateIndexPageTitleTest" time="3.368" classname="com.ap.testcases.IndexPageTest"/>
  <system-out/>
  <testcase name="validateIndexPageCurrentUrlTest" time="3.160" classname="com.ap.testcases.IndexPageTest"/>
  <system-out/>
</testsuite> <!-- com.ap.testcases.IndexPageTest -->
